<?xml version="1.0" encoding="UTF-8"?>
<!-- Generated by org.testng.reporters.JUnitReportReporter -->
<testsuite hostname="Cnu" name="com.DataDriven.NewTours_LogInTest" tests="1" failures="0" timestamp="4 Jan 2019 06:40:36 GMT" time="14.149" errors="0">
  <testcase name="logIn" time="14.149" classname="com.DataDriven.NewTours_LogInTest"/>
</testsuite> <!-- com.DataDriven.NewTours_LogInTest -->
