<?xml version="1.0" encoding="UTF-8"?>
<!-- Generated by org.testng.reporters.JUnitReportReporter -->
<testsuite hostname="Cnu" name="com.TestNGAnnotations.Annotations1" tests="3" failures="0" timestamp="31 Dec 2018 06:01:02 GMT" time="0.028" errors="0">
  <testcase name="composeMail" time="0.002" classname="com.TestNGAnnotations.Annotations1"/>
  <testcase name="inBox" time="0.004" classname="com.TestNGAnnotations.Annotations1"/>
  <testcase name="logIn" time="0.022" classname="com.TestNGAnnotations.Annotations1"/>
</testsuite> <!-- com.TestNGAnnotations.Annotations1 -->
