<?xml version="1.0" encoding="UTF-8"?>
<!-- Generated by org.testng.reporters.JUnitReportReporter -->
<testsuite hostname="Cnu" name="com.NewToursLogInTest_TestNG.NewTours_LogInTest" tests="1" failures="0" timestamp="4 Jan 2019 06:17:52 GMT" time="6.654" errors="0">
  <testcase name="logIn" time="6.654" classname="com.NewToursLogInTest_TestNG.NewTours_LogInTest"/>
</testsuite> <!-- com.NewToursLogInTest_TestNG.NewTours_LogInTest -->
