<?xml version="1.0" encoding="UTF-8"?>
<!-- Generated by org.testng.reporters.JUnitReportReporter -->
<testsuite hostname="Cnu" name="com.TestNGAnnotations.Annotations3" tests="2" failures="0" timestamp="31 Dec 2018 06:18:56 GMT" time="0.033" errors="0">
  <testcase name="inBox" time="0.016" classname="com.TestNGAnnotations.Annotations3"/>
  <testcase name="composeMail" time="0.017" classname="com.TestNGAnnotations.Annotations3"/>
</testsuite> <!-- com.TestNGAnnotations.Annotations3 -->
