<?xml version="1.0" encoding="UTF-8"?>
<!-- Generated by org.testng.reporters.JUnitReportReporter -->
<testsuite hostname="Cnu" name="com.Grid_DataProvider.NewTours_LogInTest" tests="2" failures="0" timestamp="11 Jan 2019 05:46:03 GMT" time="104.736" errors="0">
  <testcase name="logIn" time="52.247" classname="com.Grid_DataProvider.NewTours_LogInTest"/>
  <testcase name="logIn" time="52.489" classname="com.Grid_DataProvider.NewTours_LogInTest"/>
</testsuite> <!-- com.Grid_DataProvider.NewTours_LogInTest -->
