<?xml version="1.0" encoding="UTF-8"?>
<!-- Generated by org.testng.reporters.JUnitReportReporter -->
<testsuite hostname="Cnu" name="com.DataDriven.NewTours_NewUserRegistration_TestData" tests="2" failures="0" timestamp="4 Jan 2019 06:40:36 GMT" time="15.824" errors="0">
  <testcase name="NewUserRegistration" time="15.385" classname="com.DataDriven.NewTours_NewUserRegistration_TestData"/>
  <testcase name="register" time="0.439" classname="com.DataDriven.NewTours_NewUserRegistration_TestData"/>
</testsuite> <!-- com.DataDriven.NewTours_NewUserRegistration_TestData -->
