<?xml version="1.0" encoding="UTF-8"?>
<!-- Generated by org.testng.reporters.JUnitReportReporter -->
<testsuite hostname="Cnu" name="com.TestNGAnnotations.Annotations2" tests="2" failures="0" timestamp="31 Dec 2018 06:09:39 GMT" time="0.020" errors="0">
  <testcase name="composeMail" time="0.010" classname="com.TestNGAnnotations.Annotations2"/>
  <testcase name="inBox" time="0.010" classname="com.TestNGAnnotations.Annotations2"/>
</testsuite> <!-- com.TestNGAnnotations.Annotations2 -->
