<?xml version="1.0" encoding="UTF-8"?>
<!-- Generated by org.testng.reporters.JUnitReportReporter -->
<testsuite hostname="Cnu" name="com.Cookie.Facebook_Cookie" tests="1" failures="0" timestamp="7 Jan 2019 06:16:41 GMT" time="0.146" errors="0">
  <testcase name="cookie" time="0.146" classname="com.Cookie.Facebook_Cookie"/>
</testsuite> <!-- com.Cookie.Facebook_Cookie -->
