<?xml version="1.0" encoding="UTF-8"?>
<!-- Generated by org.testng.reporters.JUnitReportReporter -->
<testsuite hostname="Cnu" name="com.OHRM.SampTest" tests="1" failures="0" timestamp="31 Dec 2018 05:29:56 GMT" time="0.034" errors="0">
  <testcase name="hi" time="0.034" classname="com.OHRM.SampTest"/>
</testsuite> <!-- com.OHRM.SampTest -->
