<?xml version="1.0" encoding="UTF-8"?>
<!-- Generated by org.testng.reporters.JUnitReportReporter -->
<testsuite hostname="Cnu" name="com.NewTours.TestScripts.TC_101" tests="1" failures="0" timestamp="19 Jan 2019 00:35:58 GMT" time="71.746" errors="0">
  <testcase name="homePageTesting" time="71.746" classname="com.NewTours.TestScripts.TC_101"/>
</testsuite> <!-- com.NewTours.TestScripts.TC_101 -->
