<?xml version="1.0" encoding="UTF-8"?>
<!-- Generated by org.testng.reporters.JUnitReportReporter -->
<testsuite skipped="0" hostname="Cnu" name="com.NewTours.NewTours_LogInTest" tests="1" failures="0" timestamp="18 Jan 2019 06:25:23 GMT" time="47.421" errors="0">
  <testcase name="logIn" time="47.421" classname="com.NewTours.NewTours_LogInTest"/>
</testsuite> <!-- com.NewTours.NewTours_LogInTest -->
