<?xml version="1.0" encoding="UTF-8"?>
<!-- Generated by org.testng.reporters.JUnitReportReporter -->
<testsuite hostname="Cnu" name="com.OHRM.testScripts.TC_101" tests="1" failures="0" timestamp="18 Jan 2019 05:50:42 GMT" time="22.747" errors="0">
  <testcase name="testRun" time="22.747" classname="com.OHRM.testScripts.TC_101"/>
</testsuite> <!-- com.OHRM.testScripts.TC_101 -->
