<?xml version="1.0" encoding="UTF-8"?>
<!-- Generated by org.testng.reporters.JUnitReportReporter -->
<testsuite hostname="Cnu" name="com.OHRM.testScripts.TC_102" tests="1" failures="0" timestamp="18 Jan 2019 05:51:40 GMT" time="23.721" errors="0">
  <testcase name="testRun2" time="23.721" classname="com.OHRM.testScripts.TC_102"/>
</testsuite> <!-- com.OHRM.testScripts.TC_102 -->
